<?xml version="1.0" encoding="UTF-8"?>
<!-- Generated by org.testng.reporters.JUnitReportReporter -->
<testsuite hostname="IVANA-IV" failures="0" tests="1" name="com.commerce.tests.RegisterNewUserTest" time="6.904" errors="0" timestamp="2021-03-30T10:43:15 CEST" skipped="0">
  <testcase classname="com.commerce.tests.RegisterNewUserTest" name="registerNewUser" time="6.904"/>
  <system-out>
User was succesfully registered  </system-out>
</testsuite> <!-- com.commerce.tests.RegisterNewUserTest -->
