<?xml version="1.0" encoding="UTF-8"?>
<!-- Generated by org.testng.reporters.JUnitReportReporter -->
<testsuite hostname="IVANA-IV" failures="0" tests="1" name="com.commerce.tests.GuestVotesInHomePoll_Negative" time="1.821" errors="0" timestamp="2021-02-23T10:46:20 CET" skipped="0">
  <testcase classname="com.commerce.tests.GuestVotesInHomePoll_Negative" name="guestVotesInHomePoll" time="1.821"/>
  <system-out/>
</testsuite> <!-- com.commerce.tests.GuestVotesInHomePoll_Negative -->
