<?xml version="1.0" encoding="UTF-8"?>
<!-- Generated by org.testng.reporters.JUnitReportReporter -->
<testsuite skipped="0" hostname="IVANA-IV" name="com.commerce.tests.SearchProduct" tests="1" failures="0" timestamp="2021-02-15T16:05:15 CET" time="14.555" errors="0">
  <testcase name="SearchMacBook" time="14.555" classname="com.commerce.tests.SearchProduct"/>
  <system-out/>
</testsuite> <!-- com.commerce.tests.SearchProduct -->
