<?xml version="1.0" encoding="UTF-8"?>
<!-- Generated by org.testng.reporters.JUnitReportReporter -->
<testsuite hostname="IVANA-IV" failures="0" tests="1" name="com.commerce.tests.RegisterUserInvalidEmailParameter_Negative" time="4.593" errors="0" timestamp="2021-02-23T10:46:20 CET" skipped="0">
  <testcase classname="com.commerce.tests.RegisterUserInvalidEmailParameter_Negative" name="registerUserWithInvalidEmail" time="4.593"/>
  <system-out/>
</testsuite> <!-- com.commerce.tests.RegisterUserInvalidEmailParameter_Negative -->
